<?xml version="1.0" encoding="UTF-8"?>
<testng-results skipped="0" failed="0" ignored="0" total="1" passed="1">
  <reporter-output>
  </reporter-output>
  <suite name="Default suite" duration-ms="19164" started-at="2019-10-11T22:55:22 BDT" finished-at="2019-10-11T22:55:41 BDT">
    <groups>
    </groups>
    <test name="Default test" duration-ms="19164" started-at="2019-10-11T22:55:22 BDT" finished-at="2019-10-11T22:55:41 BDT">
      <class name="Collextion.ArrayMethodPassing">
        <test-method status="PASS" signature="mainMethod()[pri:0, instance:Collextion.ArrayMethodPassing@4e1d422d]" name="mainMethod" duration-ms="19119" started-at="2019-10-11T22:55:22 BDT" finished-at="2019-10-11T22:55:41 BDT">
          <reporter-output>
          </reporter-output>
        </test-method> <!-- mainMethod -->
      </class> <!-- Collextion.ArrayMethodPassing -->
    </test> <!-- Default test -->
  </suite> <!-- Default suite -->
</testng-results>
