<?xml version="1.0" encoding="UTF-8"?>
<testng-results skipped="0" failed="0" ignored="0" total="0" passed="0">
  <reporter-output>
  </reporter-output>
  <suite name="Default suite" duration-ms="13" started-at="2019-09-17T03:43:16 BDT" finished-at="2019-09-17T03:43:16 BDT">
    <groups>
    </groups>
    <test name="Default test" duration-ms="13" started-at="2019-09-17T03:43:16 BDT" finished-at="2019-09-17T03:43:16 BDT">
    </test> <!-- Default test -->
  </suite> <!-- Default suite -->
</testng-results>
