<?xml version="1.0" encoding="UTF-8"?>
<testng-results skipped="0" failed="0" ignored="0" total="1" passed="1">
  <reporter-output>
  </reporter-output>
  <suite name="Default suite" duration-ms="115" started-at="2019-12-22T08:37:32 BDT" finished-at="2019-12-22T08:37:32 BDT">
    <groups>
    </groups>
    <test name="Default test" duration-ms="115" started-at="2019-12-22T08:37:32 BDT" finished-at="2019-12-22T08:37:32 BDT">
      <class name="Enum.EnaumEx">
        <test-method status="PASS" signature="callmethod()[pri:0, instance:Enum.EnaumEx@67205a84]" name="callmethod" duration-ms="15" started-at="2019-12-22T08:37:32 BDT" finished-at="2019-12-22T08:37:32 BDT">
          <reporter-output>
          </reporter-output>
        </test-method> <!-- callmethod -->
      </class> <!-- Enum.EnaumEx -->
    </test> <!-- Default test -->
  </suite> <!-- Default suite -->
</testng-results>
