<?xml version="1.0" encoding="UTF-8"?>
<testng-results skipped="0" failed="0" ignored="0" total="0" passed="0">
  <reporter-output>
  </reporter-output>
  <suite name="Default suite" duration-ms="0" started-at="2019-09-22T19:56:24 BDT" finished-at="2019-09-22T19:56:24 BDT">
    <groups>
    </groups>
    <test name="Default test" duration-ms="0" started-at="2019-09-22T19:56:24 BDT" finished-at="2019-09-22T19:56:24 BDT">
    </test> <!-- Default test -->
  </suite> <!-- Default suite -->
</testng-results>
